[0m18:26:27.385048 [debug] [MainThread]: Sending event: {'category': 'dbt', 'action': 'invocation', 'label': 'start', 'context': [<snowplow_tracker.self_describing_json.SelfDescribingJson object at 0x000001812579F4D0>, <snowplow_tracker.self_describing_json.SelfDescribingJson object at 0x00000181267F9450>, <snowplow_tracker.self_describing_json.SelfDescribingJson object at 0x000001812699FED0>]}


============================== 18:26:27.390327 | d84654fb-c573-442e-b658-eaca670f4b40 ==============================
[0m18:26:27.390327 [info ] [MainThread]: Running with dbt=1.9.4
[0m18:26:27.391084 [debug] [MainThread]: running dbt with arguments {'printer_width': '80', 'indirect_selection': 'eager', 'log_cache_events': 'False', 'write_json': 'True', 'partial_parse': 'True', 'cache_selected_only': 'False', 'warn_error': 'None', 'debug': 'False', 'fail_fast': 'False', 'log_path': 'logs', 'version_check': 'True', 'profiles_dir': 'C:\\Users\\hp\\.dbt', 'use_colors': 'True', 'use_experimental_parser': 'False', 'no_print': 'None', 'quiet': 'False', 'empty': 'None', 'warn_error_options': 'WarnErrorOptions(include=[], exclude=[])', 'static_parser': 'True', 'introspect': 'True', 'log_format': 'default', 'target_path': 'None', 'invocation_command': 'dbt init netproject', 'send_anonymous_usage_stats': 'True'}
[0m18:26:27.495064 [debug] [MainThread]: Starter project path: C:\Users\hp\Desktop\dbt-project\venv\Lib\site-packages\dbt\include\starter_project
[0m18:26:27.522973 [info ] [MainThread]: 
Your new dbt project "netproject" was created!

For more information on how to configure the profiles.yml file,
please consult the dbt documentation here:

  https://docs.getdbt.com/docs/configure-your-profile

One more thing:

Need help? Don't hesitate to reach out to us via GitHub issues or on Slack:

  https://community.getdbt.com/

Happy modeling!

[0m18:26:27.523820 [info ] [MainThread]: Setting up your profile.
[0m18:31:04.535664 [info ] [MainThread]: Profile netproject written to C:\Users\hp\.dbt\profiles.yml using target's profile_template.yml and your supplied values. Run 'dbt debug' to validate the connection.
[0m18:31:04.538208 [debug] [MainThread]: Command `dbt init` succeeded at 18:31:04.537932 after 277.32 seconds
[0m18:31:04.538894 [debug] [MainThread]: Sending event: {'category': 'dbt', 'action': 'invocation', 'label': 'end', 'context': [<snowplow_tracker.self_describing_json.SelfDescribingJson object at 0x0000018128AD4C30>, <snowplow_tracker.self_describing_json.SelfDescribingJson object at 0x0000018126D2EC30>, <snowplow_tracker.self_describing_json.SelfDescribingJson object at 0x0000018128A597B0>]}
[0m18:31:04.539593 [debug] [MainThread]: Flushing usage events
[0m18:31:05.384094 [debug] [MainThread]: An error was encountered while trying to flush usage events
